<?xml version="1.0" encoding="UTF-8" standalone="no"?>
<testsuite failures="3" name="cucumber.runtime.formatter.JUnitFormatter" skipped="0" tests="3" time="0.012286">
<testcase classname="Free CRM Login Feature" name="Free CRM Login Test scenario" time="0.0078">
<failure message="java.lang.ExceptionInInitializerError&#13;&#10;&#9;at StepDefinitions.Hooks.setUp(Hooks.java:31)&#13;&#10;&#9;at sun.reflect.NativeMethodAccessorImpl.invoke0(Native Method)&#13;&#10;&#9;at sun.reflect.NativeMethodAccessorImpl.invoke(NativeMethodAccessorImpl.java:62)&#13;&#10;&#9;at sun.reflect.DelegatingMethodAccessorImpl.invoke(DelegatingMethodAccessorImpl.java:43)&#13;&#10;&#9;at java.lang.reflect.Method.invoke(Method.java:498)&#13;&#10;&#9;at cucumber.runtime.Utils$1.call(Utils.java:40)&#13;&#10;&#9;at cucumber.runtime.Timeout.timeout(Timeout.java:16)&#13;&#10;&#9;at cucumber.runtime.Utils.invoke(Utils.java:34)&#13;&#10;&#9;at cucumber.runtime.java.JavaHookDefinition.execute(JavaHookDefinition.java:60)&#13;&#10;&#9;at cucumber.runtime.Runtime.runHookIfTagsMatch(Runtime.java:224)&#13;&#10;&#9;at cucumber.runtime.Runtime.runHooks(Runtime.java:212)&#13;&#10;&#9;at cucumber.runtime.Runtime.runBeforeHooks(Runtime.java:202)&#13;&#10;&#9;at cucumber.runtime.model.CucumberScenario.run(CucumberScenario.java:40)&#13;&#10;&#9;at cucumber.runtime.junit.ExecutionUnitRunner.run(ExecutionUnitRunner.java:102)&#13;&#10;&#9;at cucumber.runtime.junit.FeatureRunner.runChild(FeatureRunner.java:63)&#13;&#10;&#9;at cucumber.runtime.junit.FeatureRunner.runChild(FeatureRunner.java:18)&#13;&#10;&#9;at org.junit.runners.ParentRunner$3.run(ParentRunner.java:290)&#13;&#10;&#9;at org.junit.runners.ParentRunner$1.schedule(ParentRunner.java:71)&#13;&#10;&#9;at org.junit.runners.ParentRunner.runChildren(ParentRunner.java:288)&#13;&#10;&#9;at org.junit.runners.ParentRunner.access$000(ParentRunner.java:58)&#13;&#10;&#9;at org.junit.runners.ParentRunner$2.evaluate(ParentRunner.java:268)&#13;&#10;&#9;at org.junit.runners.ParentRunner.run(ParentRunner.java:363)&#13;&#10;&#9;at cucumber.runtime.junit.FeatureRunner.run(FeatureRunner.java:70)&#13;&#10;&#9;at cucumber.api.junit.Cucumber.runChild(Cucumber.java:95)&#13;&#10;&#9;at cucumber.api.junit.Cucumber.runChild(Cucumber.java:38)&#13;&#10;&#9;at org.junit.runners.ParentRunner$3.run(ParentRunner.java:290)&#13;&#10;&#9;at org.junit.runners.ParentRunner$1.schedule(ParentRunner.java:71)&#13;&#10;&#9;at org.junit.runners.ParentRunner.runChildren(ParentRunner.java:288)&#13;&#10;&#9;at org.junit.runners.ParentRunner.access$000(ParentRunner.java:58)&#13;&#10;&#9;at org.junit.runners.ParentRunner$2.evaluate(ParentRunner.java:268)&#13;&#10;&#9;at org.junit.runners.ParentRunner.run(ParentRunner.java:363)&#13;&#10;&#9;at cucumber.api.junit.Cucumber.run(Cucumber.java:100)&#13;&#10;&#9;at org.eclipse.jdt.internal.junit4.runner.JUnit4TestReference.run(JUnit4TestReference.java:86)&#13;&#10;&#9;at org.eclipse.jdt.internal.junit.runner.TestExecution.run(TestExecution.java:38)&#13;&#10;&#9;at org.eclipse.jdt.internal.junit.runner.RemoteTestRunner.runTests(RemoteTestRunner.java:538)&#13;&#10;&#9;at org.eclipse.jdt.internal.junit.runner.RemoteTestRunner.runTests(RemoteTestRunner.java:760)&#13;&#10;&#9;at org.eclipse.jdt.internal.junit.runner.RemoteTestRunner.run(RemoteTestRunner.java:460)&#13;&#10;&#9;at org.eclipse.jdt.internal.junit.runner.RemoteTestRunner.main(RemoteTestRunner.java:206)&#13;&#10;Caused by: java.lang.NullPointerException&#13;&#10;&#9;at com.qa.Base.BaseUtil.&lt;clinit&gt;(BaseUtil.java:54)&#13;&#10;&#9;... 38 more&#13;&#10;"><![CDATA[Given user is already on login page.........................................skipped
When launching the url......................................................skipped
Then enters "30477md@gmail.com" and "Pranuthi2020$".........................skipped
And click on login button...................................................skipped
And verify home page titile.................................................skipped
Then close the browser......................................................skipped

StackTrace:
java.lang.ExceptionInInitializerError
	at StepDefinitions.Hooks.setUp(Hooks.java:31)
	at sun.reflect.NativeMethodAccessorImpl.invoke0(Native Method)
	at sun.reflect.NativeMethodAccessorImpl.invoke(NativeMethodAccessorImpl.java:62)
	at sun.reflect.DelegatingMethodAccessorImpl.invoke(DelegatingMethodAccessorImpl.java:43)
	at java.lang.reflect.Method.invoke(Method.java:498)
	at cucumber.runtime.Utils$1.call(Utils.java:40)
	at cucumber.runtime.Timeout.timeout(Timeout.java:16)
	at cucumber.runtime.Utils.invoke(Utils.java:34)
	at cucumber.runtime.java.JavaHookDefinition.execute(JavaHookDefinition.java:60)
	at cucumber.runtime.Runtime.runHookIfTagsMatch(Runtime.java:224)
	at cucumber.runtime.Runtime.runHooks(Runtime.java:212)
	at cucumber.runtime.Runtime.runBeforeHooks(Runtime.java:202)
	at cucumber.runtime.model.CucumberScenario.run(CucumberScenario.java:40)
	at cucumber.runtime.junit.ExecutionUnitRunner.run(ExecutionUnitRunner.java:102)
	at cucumber.runtime.junit.FeatureRunner.runChild(FeatureRunner.java:63)
	at cucumber.runtime.junit.FeatureRunner.runChild(FeatureRunner.java:18)
	at org.junit.runners.ParentRunner$3.run(ParentRunner.java:290)
	at org.junit.runners.ParentRunner$1.schedule(ParentRunner.java:71)
	at org.junit.runners.ParentRunner.runChildren(ParentRunner.java:288)
	at org.junit.runners.ParentRunner.access$000(ParentRunner.java:58)
	at org.junit.runners.ParentRunner$2.evaluate(ParentRunner.java:268)
	at org.junit.runners.ParentRunner.run(ParentRunner.java:363)
	at cucumber.runtime.junit.FeatureRunner.run(FeatureRunner.java:70)
	at cucumber.api.junit.Cucumber.runChild(Cucumber.java:95)
	at cucumber.api.junit.Cucumber.runChild(Cucumber.java:38)
	at org.junit.runners.ParentRunner$3.run(ParentRunner.java:290)
	at org.junit.runners.ParentRunner$1.schedule(ParentRunner.java:71)
	at org.junit.runners.ParentRunner.runChildren(ParentRunner.java:288)
	at org.junit.runners.ParentRunner.access$000(ParentRunner.java:58)
	at org.junit.runners.ParentRunner$2.evaluate(ParentRunner.java:268)
	at org.junit.runners.ParentRunner.run(ParentRunner.java:363)
	at cucumber.api.junit.Cucumber.run(Cucumber.java:100)
	at org.eclipse.jdt.internal.junit4.runner.JUnit4TestReference.run(JUnit4TestReference.java:86)
	at org.eclipse.jdt.internal.junit.runner.TestExecution.run(TestExecution.java:38)
	at org.eclipse.jdt.internal.junit.runner.RemoteTestRunner.runTests(RemoteTestRunner.java:538)
	at org.eclipse.jdt.internal.junit.runner.RemoteTestRunner.runTests(RemoteTestRunner.java:760)
	at org.eclipse.jdt.internal.junit.runner.RemoteTestRunner.run(RemoteTestRunner.java:460)
	at org.eclipse.jdt.internal.junit.runner.RemoteTestRunner.main(RemoteTestRunner.java:206)
Caused by: java.lang.NullPointerException
	at com.qa.Base.BaseUtil.<clinit>(BaseUtil.java:54)
	... 38 more
]]></failure>
</testcase>
<testcase classname="Free CRM Login Feature" name="Free CRM Login Test scenario with multipletestdata" time="0.000965">
<failure message="java.lang.NoClassDefFoundError: Could not initialize class StepDefinitions.ExtentReportUtil&#13;&#10;&#9;at StepDefinitions.Hooks.setUp(Hooks.java:31)&#13;&#10;&#9;at sun.reflect.NativeMethodAccessorImpl.invoke0(Native Method)&#13;&#10;&#9;at sun.reflect.NativeMethodAccessorImpl.invoke(NativeMethodAccessorImpl.java:62)&#13;&#10;&#9;at sun.reflect.DelegatingMethodAccessorImpl.invoke(DelegatingMethodAccessorImpl.java:43)&#13;&#10;&#9;at java.lang.reflect.Method.invoke(Method.java:498)&#13;&#10;&#9;at cucumber.runtime.Utils$1.call(Utils.java:40)&#13;&#10;&#9;at cucumber.runtime.Timeout.timeout(Timeout.java:16)&#13;&#10;&#9;at cucumber.runtime.Utils.invoke(Utils.java:34)&#13;&#10;&#9;at cucumber.runtime.java.JavaHookDefinition.execute(JavaHookDefinition.java:60)&#13;&#10;&#9;at cucumber.runtime.Runtime.runHookIfTagsMatch(Runtime.java:224)&#13;&#10;&#9;at cucumber.runtime.Runtime.runHooks(Runtime.java:212)&#13;&#10;&#9;at cucumber.runtime.Runtime.runBeforeHooks(Runtime.java:202)&#13;&#10;&#9;at cucumber.runtime.model.CucumberScenario.run(CucumberScenario.java:40)&#13;&#10;&#9;at cucumber.runtime.junit.ExecutionUnitRunner.run(ExecutionUnitRunner.java:102)&#13;&#10;&#9;at org.junit.runners.Suite.runChild(Suite.java:128)&#13;&#10;&#9;at org.junit.runners.Suite.runChild(Suite.java:27)&#13;&#10;&#9;at org.junit.runners.ParentRunner$3.run(ParentRunner.java:290)&#13;&#10;&#9;at org.junit.runners.ParentRunner$1.schedule(ParentRunner.java:71)&#13;&#10;&#9;at org.junit.runners.ParentRunner.runChildren(ParentRunner.java:288)&#13;&#10;&#9;at org.junit.runners.ParentRunner.access$000(ParentRunner.java:58)&#13;&#10;&#9;at org.junit.runners.ParentRunner$2.evaluate(ParentRunner.java:268)&#13;&#10;&#9;at org.junit.runners.ParentRunner.run(ParentRunner.java:363)&#13;&#10;&#9;at cucumber.runtime.junit.ExamplesRunner.run(ExamplesRunner.java:59)&#13;&#10;&#9;at org.junit.runners.Suite.runChild(Suite.java:128)&#13;&#10;&#9;at org.junit.runners.Suite.runChild(Suite.java:27)&#13;&#10;&#9;at org.junit.runners.ParentRunner$3.run(ParentRunner.java:290)&#13;&#10;&#9;at org.junit.runners.ParentRunner$1.schedule(ParentRunner.java:71)&#13;&#10;&#9;at org.junit.runners.ParentRunner.runChildren(ParentRunner.java:288)&#13;&#10;&#9;at org.junit.runners.ParentRunner.access$000(ParentRunner.java:58)&#13;&#10;&#9;at org.junit.runners.ParentRunner$2.evaluate(ParentRunner.java:268)&#13;&#10;&#9;at org.junit.runners.ParentRunner.run(ParentRunner.java:363)&#13;&#10;&#9;at cucumber.runtime.junit.ScenarioOutlineRunner.run(ScenarioOutlineRunner.java:53)&#13;&#10;&#9;at cucumber.runtime.junit.FeatureRunner.runChild(FeatureRunner.java:63)&#13;&#10;&#9;at cucumber.runtime.junit.FeatureRunner.runChild(FeatureRunner.java:18)&#13;&#10;&#9;at org.junit.runners.ParentRunner$3.run(ParentRunner.java:290)&#13;&#10;&#9;at org.junit.runners.ParentRunner$1.schedule(ParentRunner.java:71)&#13;&#10;&#9;at org.junit.runners.ParentRunner.runChildren(ParentRunner.java:288)&#13;&#10;&#9;at org.junit.runners.ParentRunner.access$000(ParentRunner.java:58)&#13;&#10;&#9;at org.junit.runners.ParentRunner$2.evaluate(ParentRunner.java:268)&#13;&#10;&#9;at org.junit.runners.ParentRunner.run(ParentRunner.java:363)&#13;&#10;&#9;at cucumber.runtime.junit.FeatureRunner.run(FeatureRunner.java:70)&#13;&#10;&#9;at cucumber.api.junit.Cucumber.runChild(Cucumber.java:95)&#13;&#10;&#9;at cucumber.api.junit.Cucumber.runChild(Cucumber.java:38)&#13;&#10;&#9;at org.junit.runners.ParentRunner$3.run(ParentRunner.java:290)&#13;&#10;&#9;at org.junit.runners.ParentRunner$1.schedule(ParentRunner.java:71)&#13;&#10;&#9;at org.junit.runners.ParentRunner.runChildren(ParentRunner.java:288)&#13;&#10;&#9;at org.junit.runners.ParentRunner.access$000(ParentRunner.java:58)&#13;&#10;&#9;at org.junit.runners.ParentRunner$2.evaluate(ParentRunner.java:268)&#13;&#10;&#9;at org.junit.runners.ParentRunner.run(ParentRunner.java:363)&#13;&#10;&#9;at cucumber.api.junit.Cucumber.run(Cucumber.java:100)&#13;&#10;&#9;at org.eclipse.jdt.internal.junit4.runner.JUnit4TestReference.run(JUnit4TestReference.java:86)&#13;&#10;&#9;at org.eclipse.jdt.internal.junit.runner.TestExecution.run(TestExecution.java:38)&#13;&#10;&#9;at org.eclipse.jdt.internal.junit.runner.RemoteTestRunner.runTests(RemoteTestRunner.java:538)&#13;&#10;&#9;at org.eclipse.jdt.internal.junit.runner.RemoteTestRunner.runTests(RemoteTestRunner.java:760)&#13;&#10;&#9;at org.eclipse.jdt.internal.junit.runner.RemoteTestRunner.run(RemoteTestRunner.java:460)&#13;&#10;&#9;at org.eclipse.jdt.internal.junit.runner.RemoteTestRunner.main(RemoteTestRunner.java:206)&#13;&#10;"><![CDATA[Given user is already on login page.........................................skipped
When launching the url......................................................skipped
Then enters "30477md@gmail.com" and "Pranuthi2020$".........................skipped
And click on login button...................................................skipped
And verify home page titile.................................................skipped
Then close the browser......................................................skipped

StackTrace:
java.lang.NoClassDefFoundError: Could not initialize class StepDefinitions.ExtentReportUtil
	at StepDefinitions.Hooks.setUp(Hooks.java:31)
	at sun.reflect.NativeMethodAccessorImpl.invoke0(Native Method)
	at sun.reflect.NativeMethodAccessorImpl.invoke(NativeMethodAccessorImpl.java:62)
	at sun.reflect.DelegatingMethodAccessorImpl.invoke(DelegatingMethodAccessorImpl.java:43)
	at java.lang.reflect.Method.invoke(Method.java:498)
	at cucumber.runtime.Utils$1.call(Utils.java:40)
	at cucumber.runtime.Timeout.timeout(Timeout.java:16)
	at cucumber.runtime.Utils.invoke(Utils.java:34)
	at cucumber.runtime.java.JavaHookDefinition.execute(JavaHookDefinition.java:60)
	at cucumber.runtime.Runtime.runHookIfTagsMatch(Runtime.java:224)
	at cucumber.runtime.Runtime.runHooks(Runtime.java:212)
	at cucumber.runtime.Runtime.runBeforeHooks(Runtime.java:202)
	at cucumber.runtime.model.CucumberScenario.run(CucumberScenario.java:40)
	at cucumber.runtime.junit.ExecutionUnitRunner.run(ExecutionUnitRunner.java:102)
	at org.junit.runners.Suite.runChild(Suite.java:128)
	at org.junit.runners.Suite.runChild(Suite.java:27)
	at org.junit.runners.ParentRunner$3.run(ParentRunner.java:290)
	at org.junit.runners.ParentRunner$1.schedule(ParentRunner.java:71)
	at org.junit.runners.ParentRunner.runChildren(ParentRunner.java:288)
	at org.junit.runners.ParentRunner.access$000(ParentRunner.java:58)
	at org.junit.runners.ParentRunner$2.evaluate(ParentRunner.java:268)
	at org.junit.runners.ParentRunner.run(ParentRunner.java:363)
	at cucumber.runtime.junit.ExamplesRunner.run(ExamplesRunner.java:59)
	at org.junit.runners.Suite.runChild(Suite.java:128)
	at org.junit.runners.Suite.runChild(Suite.java:27)
	at org.junit.runners.ParentRunner$3.run(ParentRunner.java:290)
	at org.junit.runners.ParentRunner$1.schedule(ParentRunner.java:71)
	at org.junit.runners.ParentRunner.runChildren(ParentRunner.java:288)
	at org.junit.runners.ParentRunner.access$000(ParentRunner.java:58)
	at org.junit.runners.ParentRunner$2.evaluate(ParentRunner.java:268)
	at org.junit.runners.ParentRunner.run(ParentRunner.java:363)
	at cucumber.runtime.junit.ScenarioOutlineRunner.run(ScenarioOutlineRunner.java:53)
	at cucumber.runtime.junit.FeatureRunner.runChild(FeatureRunner.java:63)
	at cucumber.runtime.junit.FeatureRunner.runChild(FeatureRunner.java:18)
	at org.junit.runners.ParentRunner$3.run(ParentRunner.java:290)
	at org.junit.runners.ParentRunner$1.schedule(ParentRunner.java:71)
	at org.junit.runners.ParentRunner.runChildren(ParentRunner.java:288)
	at org.junit.runners.ParentRunner.access$000(ParentRunner.java:58)
	at org.junit.runners.ParentRunner$2.evaluate(ParentRunner.java:268)
	at org.junit.runners.ParentRunner.run(ParentRunner.java:363)
	at cucumber.runtime.junit.FeatureRunner.run(FeatureRunner.java:70)
	at cucumber.api.junit.Cucumber.runChild(Cucumber.java:95)
	at cucumber.api.junit.Cucumber.runChild(Cucumber.java:38)
	at org.junit.runners.ParentRunner$3.run(ParentRunner.java:290)
	at org.junit.runners.ParentRunner$1.schedule(ParentRunner.java:71)
	at org.junit.runners.ParentRunner.runChildren(ParentRunner.java:288)
	at org.junit.runners.ParentRunner.access$000(ParentRunner.java:58)
	at org.junit.runners.ParentRunner$2.evaluate(ParentRunner.java:268)
	at org.junit.runners.ParentRunner.run(ParentRunner.java:363)
	at cucumber.api.junit.Cucumber.run(Cucumber.java:100)
	at org.eclipse.jdt.internal.junit4.runner.JUnit4TestReference.run(JUnit4TestReference.java:86)
	at org.eclipse.jdt.internal.junit.runner.TestExecution.run(TestExecution.java:38)
	at org.eclipse.jdt.internal.junit.runner.RemoteTestRunner.runTests(RemoteTestRunner.java:538)
	at org.eclipse.jdt.internal.junit.runner.RemoteTestRunner.runTests(RemoteTestRunner.java:760)
	at org.eclipse.jdt.internal.junit.runner.RemoteTestRunner.run(RemoteTestRunner.java:460)
	at org.eclipse.jdt.internal.junit.runner.RemoteTestRunner.main(RemoteTestRunner.java:206)
]]></failure>
</testcase>
<testcase classname="Free CRM Login Feature" name="Free CRM Login Test scenario with multipletestdata 2" time="0.003521">
<failure message="java.lang.NoClassDefFoundError: Could not initialize class StepDefinitions.ExtentReportUtil&#13;&#10;&#9;at StepDefinitions.Hooks.setUp(Hooks.java:31)&#13;&#10;&#9;at sun.reflect.NativeMethodAccessorImpl.invoke0(Native Method)&#13;&#10;&#9;at sun.reflect.NativeMethodAccessorImpl.invoke(NativeMethodAccessorImpl.java:62)&#13;&#10;&#9;at sun.reflect.DelegatingMethodAccessorImpl.invoke(DelegatingMethodAccessorImpl.java:43)&#13;&#10;&#9;at java.lang.reflect.Method.invoke(Method.java:498)&#13;&#10;&#9;at cucumber.runtime.Utils$1.call(Utils.java:40)&#13;&#10;&#9;at cucumber.runtime.Timeout.timeout(Timeout.java:16)&#13;&#10;&#9;at cucumber.runtime.Utils.invoke(Utils.java:34)&#13;&#10;&#9;at cucumber.runtime.java.JavaHookDefinition.execute(JavaHookDefinition.java:60)&#13;&#10;&#9;at cucumber.runtime.Runtime.runHookIfTagsMatch(Runtime.java:224)&#13;&#10;&#9;at cucumber.runtime.Runtime.runHooks(Runtime.java:212)&#13;&#10;&#9;at cucumber.runtime.Runtime.runBeforeHooks(Runtime.java:202)&#13;&#10;&#9;at cucumber.runtime.model.CucumberScenario.run(CucumberScenario.java:40)&#13;&#10;&#9;at cucumber.runtime.junit.ExecutionUnitRunner.run(ExecutionUnitRunner.java:102)&#13;&#10;&#9;at org.junit.runners.Suite.runChild(Suite.java:128)&#13;&#10;&#9;at org.junit.runners.Suite.runChild(Suite.java:27)&#13;&#10;&#9;at org.junit.runners.ParentRunner$3.run(ParentRunner.java:290)&#13;&#10;&#9;at org.junit.runners.ParentRunner$1.schedule(ParentRunner.java:71)&#13;&#10;&#9;at org.junit.runners.ParentRunner.runChildren(ParentRunner.java:288)&#13;&#10;&#9;at org.junit.runners.ParentRunner.access$000(ParentRunner.java:58)&#13;&#10;&#9;at org.junit.runners.ParentRunner$2.evaluate(ParentRunner.java:268)&#13;&#10;&#9;at org.junit.runners.ParentRunner.run(ParentRunner.java:363)&#13;&#10;&#9;at cucumber.runtime.junit.ExamplesRunner.run(ExamplesRunner.java:59)&#13;&#10;&#9;at org.junit.runners.Suite.runChild(Suite.java:128)&#13;&#10;&#9;at org.junit.runners.Suite.runChild(Suite.java:27)&#13;&#10;&#9;at org.junit.runners.ParentRunner$3.run(ParentRunner.java:290)&#13;&#10;&#9;at org.junit.runners.ParentRunner$1.schedule(ParentRunner.java:71)&#13;&#10;&#9;at org.junit.runners.ParentRunner.runChildren(ParentRunner.java:288)&#13;&#10;&#9;at org.junit.runners.ParentRunner.access$000(ParentRunner.java:58)&#13;&#10;&#9;at org.junit.runners.ParentRunner$2.evaluate(ParentRunner.java:268)&#13;&#10;&#9;at org.junit.runners.ParentRunner.run(ParentRunner.java:363)&#13;&#10;&#9;at cucumber.runtime.junit.ScenarioOutlineRunner.run(ScenarioOutlineRunner.java:53)&#13;&#10;&#9;at cucumber.runtime.junit.FeatureRunner.runChild(FeatureRunner.java:63)&#13;&#10;&#9;at cucumber.runtime.junit.FeatureRunner.runChild(FeatureRunner.java:18)&#13;&#10;&#9;at org.junit.runners.ParentRunner$3.run(ParentRunner.java:290)&#13;&#10;&#9;at org.junit.runners.ParentRunner$1.schedule(ParentRunner.java:71)&#13;&#10;&#9;at org.junit.runners.ParentRunner.runChildren(ParentRunner.java:288)&#13;&#10;&#9;at org.junit.runners.ParentRunner.access$000(ParentRunner.java:58)&#13;&#10;&#9;at org.junit.runners.ParentRunner$2.evaluate(ParentRunner.java:268)&#13;&#10;&#9;at org.junit.runners.ParentRunner.run(ParentRunner.java:363)&#13;&#10;&#9;at cucumber.runtime.junit.FeatureRunner.run(FeatureRunner.java:70)&#13;&#10;&#9;at cucumber.api.junit.Cucumber.runChild(Cucumber.java:95)&#13;&#10;&#9;at cucumber.api.junit.Cucumber.runChild(Cucumber.java:38)&#13;&#10;&#9;at org.junit.runners.ParentRunner$3.run(ParentRunner.java:290)&#13;&#10;&#9;at org.junit.runners.ParentRunner$1.schedule(ParentRunner.java:71)&#13;&#10;&#9;at org.junit.runners.ParentRunner.runChildren(ParentRunner.java:288)&#13;&#10;&#9;at org.junit.runners.ParentRunner.access$000(ParentRunner.java:58)&#13;&#10;&#9;at org.junit.runners.ParentRunner$2.evaluate(ParentRunner.java:268)&#13;&#10;&#9;at org.junit.runners.ParentRunner.run(ParentRunner.java:363)&#13;&#10;&#9;at cucumber.api.junit.Cucumber.run(Cucumber.java:100)&#13;&#10;&#9;at org.eclipse.jdt.internal.junit4.runner.JUnit4TestReference.run(JUnit4TestReference.java:86)&#13;&#10;&#9;at org.eclipse.jdt.internal.junit.runner.TestExecution.run(TestExecution.java:38)&#13;&#10;&#9;at org.eclipse.jdt.internal.junit.runner.RemoteTestRunner.runTests(RemoteTestRunner.java:538)&#13;&#10;&#9;at org.eclipse.jdt.internal.junit.runner.RemoteTestRunner.runTests(RemoteTestRunner.java:760)&#13;&#10;&#9;at org.eclipse.jdt.internal.junit.runner.RemoteTestRunner.run(RemoteTestRunner.java:460)&#13;&#10;&#9;at org.eclipse.jdt.internal.junit.runner.RemoteTestRunner.main(RemoteTestRunner.java:206)&#13;&#10;"><![CDATA[Given user is already on login page.........................................skipped
When launching the url......................................................skipped
Then enters "30477md1@gmail.com" and "Pranuthi2020$"........................skipped
And click on login button...................................................skipped
And verify home page titile.................................................skipped
Then close the browser......................................................skipped

StackTrace:
java.lang.NoClassDefFoundError: Could not initialize class StepDefinitions.ExtentReportUtil
	at StepDefinitions.Hooks.setUp(Hooks.java:31)
	at sun.reflect.NativeMethodAccessorImpl.invoke0(Native Method)
	at sun.reflect.NativeMethodAccessorImpl.invoke(NativeMethodAccessorImpl.java:62)
	at sun.reflect.DelegatingMethodAccessorImpl.invoke(DelegatingMethodAccessorImpl.java:43)
	at java.lang.reflect.Method.invoke(Method.java:498)
	at cucumber.runtime.Utils$1.call(Utils.java:40)
	at cucumber.runtime.Timeout.timeout(Timeout.java:16)
	at cucumber.runtime.Utils.invoke(Utils.java:34)
	at cucumber.runtime.java.JavaHookDefinition.execute(JavaHookDefinition.java:60)
	at cucumber.runtime.Runtime.runHookIfTagsMatch(Runtime.java:224)
	at cucumber.runtime.Runtime.runHooks(Runtime.java:212)
	at cucumber.runtime.Runtime.runBeforeHooks(Runtime.java:202)
	at cucumber.runtime.model.CucumberScenario.run(CucumberScenario.java:40)
	at cucumber.runtime.junit.ExecutionUnitRunner.run(ExecutionUnitRunner.java:102)
	at org.junit.runners.Suite.runChild(Suite.java:128)
	at org.junit.runners.Suite.runChild(Suite.java:27)
	at org.junit.runners.ParentRunner$3.run(ParentRunner.java:290)
	at org.junit.runners.ParentRunner$1.schedule(ParentRunner.java:71)
	at org.junit.runners.ParentRunner.runChildren(ParentRunner.java:288)
	at org.junit.runners.ParentRunner.access$000(ParentRunner.java:58)
	at org.junit.runners.ParentRunner$2.evaluate(ParentRunner.java:268)
	at org.junit.runners.ParentRunner.run(ParentRunner.java:363)
	at cucumber.runtime.junit.ExamplesRunner.run(ExamplesRunner.java:59)
	at org.junit.runners.Suite.runChild(Suite.java:128)
	at org.junit.runners.Suite.runChild(Suite.java:27)
	at org.junit.runners.ParentRunner$3.run(ParentRunner.java:290)
	at org.junit.runners.ParentRunner$1.schedule(ParentRunner.java:71)
	at org.junit.runners.ParentRunner.runChildren(ParentRunner.java:288)
	at org.junit.runners.ParentRunner.access$000(ParentRunner.java:58)
	at org.junit.runners.ParentRunner$2.evaluate(ParentRunner.java:268)
	at org.junit.runners.ParentRunner.run(ParentRunner.java:363)
	at cucumber.runtime.junit.ScenarioOutlineRunner.run(ScenarioOutlineRunner.java:53)
	at cucumber.runtime.junit.FeatureRunner.runChild(FeatureRunner.java:63)
	at cucumber.runtime.junit.FeatureRunner.runChild(FeatureRunner.java:18)
	at org.junit.runners.ParentRunner$3.run(ParentRunner.java:290)
	at org.junit.runners.ParentRunner$1.schedule(ParentRunner.java:71)
	at org.junit.runners.ParentRunner.runChildren(ParentRunner.java:288)
	at org.junit.runners.ParentRunner.access$000(ParentRunner.java:58)
	at org.junit.runners.ParentRunner$2.evaluate(ParentRunner.java:268)
	at org.junit.runners.ParentRunner.run(ParentRunner.java:363)
	at cucumber.runtime.junit.FeatureRunner.run(FeatureRunner.java:70)
	at cucumber.api.junit.Cucumber.runChild(Cucumber.java:95)
	at cucumber.api.junit.Cucumber.runChild(Cucumber.java:38)
	at org.junit.runners.ParentRunner$3.run(ParentRunner.java:290)
	at org.junit.runners.ParentRunner$1.schedule(ParentRunner.java:71)
	at org.junit.runners.ParentRunner.runChildren(ParentRunner.java:288)
	at org.junit.runners.ParentRunner.access$000(ParentRunner.java:58)
	at org.junit.runners.ParentRunner$2.evaluate(ParentRunner.java:268)
	at org.junit.runners.ParentRunner.run(ParentRunner.java:363)
	at cucumber.api.junit.Cucumber.run(Cucumber.java:100)
	at org.eclipse.jdt.internal.junit4.runner.JUnit4TestReference.run(JUnit4TestReference.java:86)
	at org.eclipse.jdt.internal.junit.runner.TestExecution.run(TestExecution.java:38)
	at org.eclipse.jdt.internal.junit.runner.RemoteTestRunner.runTests(RemoteTestRunner.java:538)
	at org.eclipse.jdt.internal.junit.runner.RemoteTestRunner.runTests(RemoteTestRunner.java:760)
	at org.eclipse.jdt.internal.junit.runner.RemoteTestRunner.run(RemoteTestRunner.java:460)
	at org.eclipse.jdt.internal.junit.runner.RemoteTestRunner.main(RemoteTestRunner.java:206)
]]></failure>
</testcase>
</testsuite>
